{"level":"info","message":"MongoDB connected","timestamp":"2025-06-06T03:09:13.146Z"}
{"level":"info","message":"Server running on port 3000","timestamp":"2025-06-06T03:09:13.156Z"}
{"level":"info","message":"MongoDB connected","timestamp":"2025-06-06T03:09:17.142Z"}
{"level":"info","message":"Server running on port 3000","timestamp":"2025-06-06T03:09:17.149Z"}
{"level":"info","message":"Card details stored successfully","timestamp":"2025-06-06T03:10:30.413Z"}
{"level":"info","message":"MongoDB connected","timestamp":"2025-06-06T03:12:22.912Z"}
{"level":"info","message":"Server running on port 3000","timestamp":"2025-06-06T03:12:22.921Z"}
{"level":"info","message":"MongoDB connected","timestamp":"2025-06-06T03:12:34.315Z"}
{"level":"info","message":"Server running on port 3000","timestamp":"2025-06-06T03:12:34.324Z"}
{"level":"info","message":"MongoDB connected","timestamp":"2025-06-06T03:12:49.628Z"}
{"level":"info","message":"Server running on port 3000","timestamp":"2025-06-06T03:12:49.633Z"}
{"level":"info","message":"MongoDB connected","timestamp":"2025-06-06T03:18:43.125Z"}
{"level":"info","message":"Server running on port 3000","timestamp":"2025-06-06T03:18:43.135Z"}
{"level":"info","message":"User testuser registered successfully","timestamp":"2025-06-06T03:18:54.266Z"}
{"level":"info","message":"MongoDB connected","timestamp":"2025-06-06T03:20:25.708Z"}
{"level":"info","message":"Server running on port 3000","timestamp":"2025-06-06T03:20:25.715Z"}
{"level":"info","message":"User testuser registered successfully","timestamp":"2025-06-06T03:20:47.444Z"}
{"level":"info","message":"User testuser logged in successfully","timestamp":"2025-06-06T03:21:18.363Z"}
{"level":"error","message":"Authentication failed: Invalid token jwt malformed","name":"JsonWebTokenError","stack":"JsonWebTokenError: jwt malformed\n    at module.exports [as verify] (D:\\Study\\Udemy\\New folder\\Microservices\\single_endpoint_payment_service\\node_modules\\jsonwebtoken\\verify.js:70:17)\n    at authenticate (D:\\Study\\Udemy\\New folder\\Microservices\\single_endpoint_payment_service\\middleware\\auth.middle.js:12:25)\n    at Layer.handleRequest (D:\\Study\\Udemy\\New folder\\Microservices\\single_endpoint_payment_service\\node_modules\\router\\lib\\layer.js:152:17)\n    at next (D:\\Study\\Udemy\\New folder\\Microservices\\single_endpoint_payment_service\\node_modules\\router\\lib\\route.js:157:13)\n    at Route.dispatch (D:\\Study\\Udemy\\New folder\\Microservices\\single_endpoint_payment_service\\node_modules\\router\\lib\\route.js:117:3)\n    at handle (D:\\Study\\Udemy\\New folder\\Microservices\\single_endpoint_payment_service\\node_modules\\router\\index.js:435:11)\n    at Layer.handleRequest (D:\\Study\\Udemy\\New folder\\Microservices\\single_endpoint_payment_service\\node_modules\\router\\lib\\layer.js:152:17)\n    at D:\\Study\\Udemy\\New folder\\Microservices\\single_endpoint_payment_service\\node_modules\\router\\index.js:295:15\n    at processParams (D:\\Study\\Udemy\\New folder\\Microservices\\single_endpoint_payment_service\\node_modules\\router\\index.js:582:12)\n    at next (D:\\Study\\Udemy\\New folder\\Microservices\\single_endpoint_payment_service\\node_modules\\router\\index.js:291:5)","timestamp":"2025-06-06T03:22:01.397Z"}
{"level":"info","message":"Card details stored for user testuser","timestamp":"2025-06-06T03:22:21.311Z"}
